
> cosmetic-shop-app@0.1.0 build
> next build

npm : ÔÜá Warning: Next.js inferred your workspace root, but it may not be correct.
En línea: 1 Carácter: 1
+ npm run build > build.log 2>&1
+ ~~~~~~~~~~~~~~~~~~~~~~~~~~~~~~
    + CategoryInfo          : NotSpecified: (ÔÜá Warning: Ne...not be correct.:String) [], RemoteException
    + FullyQualifiedErrorId : NativeCommandError
 
 We detected multiple lockfiles and selected the directory of C:\Users\polli\package-lock.json as the root directory.
 To silence this warning, set `turbopack.root` in your Next.js config, or consider removing one of the lockfiles if 
it's not needed.
   See https://nextjs.org/docs/app/api-reference/config/next-config-js/turbopack#root-directory for more information.
 Detected additional lockfiles: 
   * C:\Users\polli\Downloads\CosmeticShopV2.0\package-lock.json

Ôû▓ Next.js 16.2.4 (Turbopack)
- Environments: .env

ÔÜá The "middleware" file convention is deprecated. Please use "proxy" instead. Learn more: 
https://nextjs.org/docs/messages/middleware-to-proxy
  Creating an optimized production build ...

> Build error occurred
Error: Turbopack build failed with 5 errors:
./Downloads/CosmeticShopV2.0/src/app/(admin)/inventario/InventoryClient.tsx:12:1
Module not found: Can't resolve '@/components/ui/tabs'
  [90m10 |[0m [36mimport[0m { toast } [36mfrom[0m [32m"sonner"[0m;
  [90m11 |[0m [36mimport[0m { adjustStock } [36mfrom[0m [32m"@/app/actions/inventory"[0m;
[31m[1m>[0m [90m12 |[0m [36mimport[0m { [33mTabs[0m, [33mTabsContent[0m, [33mTabsList[0m, 
[33mTabsTrigger[0m } [36mfrom[0m [32m"@/components/ui/tabs"[0m;
  [90m   |[0m [31m[1m^^^^^^^^^^^^^^^^^^^^^^^^^^^^^^^^^^^^^^^^^^^^^^^^^^^^^^^^^^^^^^^^^^^^^^^^^^^^^^^^[0m
  [90m13 |[0m
  [90m14 |[0m [36mexport[0m [36mfunction[0m [33mInventoryClient[0m({ products, movements }: { products: any[], 
movements: any...
  [90m15 |[0m   [36mconst[0m [activeTab, setActiveTab] = useState([32m"stock"[0m);

Import map: aliased to relative './src/components/ui/tabs' inside of [project]/Downloads/CosmeticShopV2.0


Import trace:
  Server Component:
    ./Downloads/CosmeticShopV2.0/src/app/(admin)/inventario/InventoryClient.tsx
    ./Downloads/CosmeticShopV2.0/src/app/(admin)/inventario/page.tsx

https://nextjs.org/docs/messages/module-not-found


./Downloads/CosmeticShopV2.0/src/middleware.ts:2:1
Module not found: Can't resolve 'next/response'
  [90m1 |[0m [36mimport[0m { withAuth } [36mfrom[0m [32m"next-auth/middleware"[0m;
[31m[1m>[0m [90m2 |[0m [36mimport[0m { [33mNextResponse[0m } [36mfrom[0m [32m"next/response"[0m;
  [90m  |[0m [31m[1m^^^^^^^^^^^^^^^^^^^^^^^^^^^^^^^^^^^^^^^^^^^^^[0m
  [90m3 |[0m
  [90m4 |[0m [36mexport[0m [36mdefault[0m withAuth(
  [90m5 |[0m   [36mfunction[0m middleware(req) {

Import map: aliased to module 'next' with subpath '/response' inside of [project]/Downloads/CosmeticShopV2.0


https://nextjs.org/docs/messages/module-not-found


./Downloads/CosmeticShopV2.0/src/components/shop/Footer.tsx:2:1
Export Facebook doesn't exist in target module
  [90m1 |[0m [36mimport[0m [33mLink[0m [36mfrom[0m [32m"next/link"[0m;
[31m[1m>[0m [90m2 |[0m [36mimport[0m { [33mFacebook[0m, [33mInstagram[0m, [33mTwitter[0m } [36mfrom[0m 
[32m"lucide-react"[0m;
  [90m  |[0m [31m[1m^^^^^^^^^^^^^^^^^^^^^^^^^^^^^^^^^^^^^^^^^^^^^^^^^^^^^^^^^^^^[0m
  [90m3 |[0m
  [90m4 |[0m [36mexport[0m [36mfunction[0m [33mFooter[0m() {
  [90m5 |[0m   [36mreturn[0m (

The export Facebook was not found in module 
[project]/Downloads/CosmeticShopV2.0/node_modules/lucide-react/dist/esm/lucide-react.mjs [app-rsc] (ecmascript).
Did you mean to import Webhook?
All exports of the module are statically known (It doesn't have dynamic exports). So it's known statically that the 
requested export doesn't exist.

Import trace:
  Server Component:
    ./Downloads/CosmeticShopV2.0/src/components/shop/Footer.tsx
    ./Downloads/CosmeticShopV2.0/src/app/(shop)/layout.tsx


./Downloads/CosmeticShopV2.0/src/components/shop/Footer.tsx:2:1
Export Instagram doesn't exist in target module
  [90m1 |[0m [36mimport[0m [33mLink[0m [36mfrom[0m [32m"next/link"[0m;
[31m[1m>[0m [90m2 |[0m [36mimport[0m { [33mFacebook[0m, [33mInstagram[0m, [33mTwitter[0m } [36mfrom[0m 
[32m"lucide-react"[0m;
  [90m  |[0m [31m[1m^^^^^^^^^^^^^^^^^^^^^^^^^^^^^^^^^^^^^^^^^^^^^^^^^^^^^^^^^^^^[0m
  [90m3 |[0m
  [90m4 |[0m [36mexport[0m [36mfunction[0m [33mFooter[0m() {
  [90m5 |[0m   [36mreturn[0m (

The export Instagram was not found in module 
[project]/Downloads/CosmeticShopV2.0/node_modules/lucide-react/dist/esm/lucide-react.mjs [app-rsc] (ecmascript).
Did you mean to import Star?
All exports of the module are statically known (It doesn't have dynamic exports). So it's known statically that the 
requested export doesn't exist.

Import trace:
  Server Component:
    ./Downloads/CosmeticShopV2.0/src/components/shop/Footer.tsx
    ./Downloads/CosmeticShopV2.0/src/app/(shop)/layout.tsx


./Downloads/CosmeticShopV2.0/src/components/shop/Footer.tsx:2:1
Export Twitter doesn't exist in target module
  [90m1 |[0m [36mimport[0m [33mLink[0m [36mfrom[0m [32m"next/link"[0m;
[31m[1m>[0m [90m2 |[0m [36mimport[0m { [33mFacebook[0m, [33mInstagram[0m, [33mTwitter[0m } [36mfrom[0m 
[32m"lucide-react"[0m;
  [90m  |[0m [31m[1m^^^^^^^^^^^^^^^^^^^^^^^^^^^^^^^^^^^^^^^^^^^^^^^^^^^^^^^^^^^^[0m
  [90m3 |[0m
  [90m4 |[0m [36mexport[0m [36mfunction[0m [33mFooter[0m() {
  [90m5 |[0m   [36mreturn[0m (

The export Twitter was not found in module 
[project]/Downloads/CosmeticShopV2.0/node_modules/lucide-react/dist/esm/lucide-react.mjs [app-rsc] (ecmascript).
Did you mean to import Timer?
All exports of the module are statically known (It doesn't have dynamic exports). So it's known statically that the 
requested export doesn't exist.

Import trace:
  Server Component:
    ./Downloads/CosmeticShopV2.0/src/components/shop/Footer.tsx
    ./Downloads/CosmeticShopV2.0/src/app/(shop)/layout.tsx


    at <unknown> (./Downloads/CosmeticShopV2.0/src/app/(admin)/inventario/InventoryClient.tsx:12:1)
    at <unknown> (https://nextjs.org/docs/messages/module-not-found)
    at <unknown> (./Downloads/CosmeticShopV2.0/src/middleware.ts:2:1)
    at <unknown> (https://nextjs.org/docs/messages/module-not-found)
    at <unknown> (./Downloads/CosmeticShopV2.0/src/components/shop/Footer.tsx:2:1)
    at <unknown> (./Downloads/CosmeticShopV2.0/src/components/shop/Footer.tsx:2:1)
    at <unknown> (./Downloads/CosmeticShopV2.0/src/components/shop/Footer.tsx:2:1)
